Start testing: Mar 18 18:30 +07
----------------------------------------------------------
1/1 Testing: banklibtest
1/1 Test: banklibtest
Command: "/home/babadzakich/NSU/4Semester/CPP_Course/2Task/build/banklib/tests/banklibtest" "--gtest_output=xml:/home/babadzakich/NSU/4Semester/CPP_Course/2Task/build/test_result/test_results.xml"
Directory: /home/babadzakich/NSU/4Semester/CPP_Course/2Task/build/banklib/tests
"banklibtest" start time: Mar 18 18:30 +07
Output:
----------------------------------------------------------
[==========] Running 10 tests from 1 test suite.
[----------] Global test environment set-up.
[----------] 10 tests from BankTest
[ RUN      ] BankTest.StartBankDay
[       OK ] BankTest.StartBankDay (11 ms)
[ RUN      ] BankTest.InvalidStartBankDay
[       OK ] BankTest.InvalidStartBankDay (9 ms)
[ RUN      ] BankTest.EndBankDay
[       OK ] BankTest.EndBankDay (2 ms)
[ RUN      ] BankTest.InvalidEndBankDay
[       OK ] BankTest.InvalidEndBankDay (4 ms)
[ RUN      ] BankTest.HandleClientOperationDuringBankingHours
[       OK ] BankTest.HandleClientOperationDuringBankingHours (3 ms)
[ RUN      ] BankTest.HandleClientOperationOutsideBankingHours
[       OK ] BankTest.HandleClientOperationOutsideBankingHours (2 ms)
[ RUN      ] BankTest.HandlePersonalAppealNewClient
[       OK ] BankTest.HandlePersonalAppealNewClient (2 ms)
[ RUN      ] BankTest.HandleInvalidPersonalAppealNewClient
[       OK ] BankTest.HandleInvalidPersonalAppealNewClient (3 ms)
[ RUN      ] BankTest.MonthlyOperations
[       OK ] BankTest.MonthlyOperations (5 ms)
[ RUN      ] BankTest.QuarterlyOperations
[       OK ] BankTest.QuarterlyOperations (3 ms)
[----------] 10 tests from BankTest (48 ms total)

[----------] Global test environment tear-down
[==========] 10 tests from 1 test suite ran. (48 ms total)
[  PASSED  ] 10 tests.
<end of output>
Test time =   0.05 sec
----------------------------------------------------------
Test Passed.
"banklibtest" end time: Mar 18 18:30 +07
"banklibtest" time elapsed: 00:00:00
----------------------------------------------------------

End testing: Mar 18 18:30 +07
